<?xml version="1.0" encoding="UTF-8"?>
<!-- Generated by org.testng.reporters.JUnitReportReporter -->
<testsuite hostname="DESKTOP-D61EKLM" failures="0" tests="1" name="JaveClassPackage.JavaClass" time="0.374" errors="0" timestamp="2024-03-09T19:01:43 EET" skipped="0">
  <testcase classname="JaveClassPackage.JavaClass" name="login" time="0.374"/>
  <system-out/>
</testsuite> <!-- JaveClassPackage.JavaClass -->
